0 info it worked if it ends with ok
1 verbose cli [ '/Users/eelke/.nvm/v0.10.41/bin/node',
1 verbose cli   '/Users/eelke/.nvm/v0.10.41/bin/npm',
1 verbose cli   'publish' ]
2 info using npm@1.4.29
3 info using node@v0.10.41
4 warn deprecated This version of npm lacks support for important features,
5 warn deprecated such as scoped packages, offered by the primary npm
6 warn deprecated registry. Consider upgrading to at least npm@2, if not the
7 warn deprecated latest stable version. To upgrade to npm@2, run:
8 warn deprecated npm -g install npm@latest-2
9 warn deprecated To upgrade to the latest stable version, run:
10 warn deprecated npm -g install npm@latest
11 warn deprecated (Depending on how Node.js was installed on your system, you
12 warn deprecated may need to prefix the preceding commands with `sudo`, or if
13 warn deprecated on Windows, run them from an Administrator prompt.)
14 warn deprecated If you're running the version of npm bundled with
15 warn deprecated Node.js 0.10 LTS, be aware that the next version of 0.10 LTS
16 warn deprecated will be bundled with a version of npm@2, which has some small
17 warn deprecated backwards-incompatible changes made to `npm run-script` and
18 warn deprecated semver behavior.
19 verbose publish [ '.' ]
20 error Failed to parse json
20 error Unexpected token }
21 error File: /Users/eelke/Documents/_peerby/mongoose-lock-release/package.json
22 error Failed to parse package.json data.
22 error package.json must be actual JSON, not just JavaScript.
22 error
22 error This is not a bug in npm.
22 error Tell the package author to fix their package.json file. JSON.parse
23 error System Darwin 15.0.0
24 error command "/Users/eelke/.nvm/v0.10.41/bin/node" "/Users/eelke/.nvm/v0.10.41/bin/npm" "publish"
25 error cwd /Users/eelke/Documents/_peerby/mongoose-lock-release
26 error node -v v0.10.41
27 error npm -v 1.4.29
28 error file /Users/eelke/Documents/_peerby/mongoose-lock-release/package.json
29 error code EJSONPARSE
30 verbose exit [ 1, true ]
